<?xml version="1.0" encoding="UTF-8"?>
<coverage generated="1742747553692" clover="3.2.0">
  <project timestamp="1742747553693" name="All files">
    <metrics statements="114" coveredstatements="74" conditionals="11" coveredconditionals="8" methods="7" coveredmethods="2" elements="132" coveredelements="84" complexity="0" loc="114" ncloc="114" packages="1" files="1" classes="1"/>
    <file name="index.tsx" path="/Users/felixhtoo/Sites/fnxd-gamez/src/Colors/index.tsx">
      <metrics statements="114" coveredstatements="74" conditionals="11" coveredconditionals="8" methods="7" coveredmethods="2"/>
      <line num="1" count="1" type="stmt"/>
      <line num="2" count="1" type="stmt"/>
      <line num="3" count="1" type="stmt"/>
      <line num="4" count="1" type="stmt"/>
      <line num="5" count="1" type="cond" truecount="1" falsecount="0"/>
      <line num="6" count="13" type="stmt"/>
      <line num="7" count="13" type="stmt"/>
      <line num="8" count="13" type="stmt"/>
      <line num="9" count="13" type="stmt"/>
      <line num="10" count="13" type="stmt"/>
      <line num="11" count="13" type="stmt"/>
      <line num="12" count="13" type="stmt"/>
      <line num="13" count="13" type="stmt"/>
      <line num="14" count="13" type="stmt"/>
      <line num="15" count="13" type="stmt"/>
      <line num="16" count="13" type="stmt"/>
      <line num="17" count="13" type="stmt"/>
      <line num="18" count="13" type="cond" truecount="0" falsecount="1"/>
      <line num="19" count="0" type="stmt"/>
      <line num="20" count="0" type="stmt"/>
      <line num="21" count="0" type="stmt"/>
      <line num="22" count="0" type="stmt"/>
      <line num="23" count="0" type="stmt"/>
      <line num="24" count="0" type="stmt"/>
      <line num="25" count="0" type="stmt"/>
      <line num="26" count="0" type="stmt"/>
      <line num="27" count="0" type="stmt"/>
      <line num="28" count="0" type="stmt"/>
      <line num="29" count="0" type="stmt"/>
      <line num="30" count="0" type="stmt"/>
      <line num="31" count="0" type="stmt"/>
      <line num="32" count="0" type="stmt"/>
      <line num="33" count="0" type="stmt"/>
      <line num="34" count="0" type="stmt"/>
      <line num="35" count="0" type="stmt"/>
      <line num="36" count="0" type="stmt"/>
      <line num="37" count="0" type="stmt"/>
      <line num="38" count="0" type="stmt"/>
      <line num="39" count="0" type="stmt"/>
      <line num="40" count="0" type="stmt"/>
      <line num="41" count="0" type="stmt"/>
      <line num="42" count="0" type="stmt"/>
      <line num="43" count="0" type="stmt"/>
      <line num="44" count="0" type="stmt"/>
      <line num="45" count="0" type="stmt"/>
      <line num="46" count="0" type="stmt"/>
      <line num="47" count="0" type="stmt"/>
      <line num="48" count="0" type="stmt"/>
      <line num="49" count="0" type="stmt"/>
      <line num="50" count="0" type="stmt"/>
      <line num="51" count="0" type="stmt"/>
      <line num="52" count="0" type="stmt"/>
      <line num="53" count="13" type="stmt"/>
      <line num="54" count="13" type="stmt"/>
      <line num="55" count="13" type="stmt"/>
      <line num="56" count="13" type="stmt"/>
      <line num="57" count="1" type="stmt"/>
      <line num="58" count="10" type="cond" truecount="1" falsecount="0"/>
      <line num="59" count="10" type="stmt"/>
      <line num="60" count="10" type="stmt"/>
      <line num="61" count="10" type="stmt"/>
      <line num="62" count="10" type="cond" truecount="1" falsecount="0"/>
      <line num="63" count="5" type="cond" truecount="1" falsecount="1"/>
      <line num="64" count="20" type="stmt"/>
      <line num="65" count="20" type="stmt"/>
      <line num="66" count="20" type="cond" truecount="1" falsecount="0"/>
      <line num="67" count="120" type="stmt"/>
      <line num="68" count="120" type="stmt"/>
      <line num="69" count="20" type="stmt"/>
      <line num="70" count="5" type="stmt"/>
      <line num="71" count="10" type="stmt"/>
      <line num="72" count="10" type="stmt"/>
      <line num="73" count="10" type="cond" truecount="1" falsecount="0"/>
      <line num="74" count="10" type="cond" truecount="1" falsecount="0"/>
      <line num="75" count="5" type="stmt"/>
      <line num="76" count="5" type="stmt"/>
      <line num="77" count="10" type="stmt"/>
      <line num="78" count="10" type="stmt"/>
      <line num="79" count="10" type="stmt"/>
      <line num="80" count="10" type="stmt"/>
      <line num="81" count="10" type="stmt"/>
      <line num="82" count="10" type="stmt"/>
      <line num="83" count="0" type="stmt"/>
      <line num="84" count="0" type="stmt"/>
      <line num="85" count="0" type="stmt"/>
      <line num="86" count="0" type="stmt"/>
      <line num="87" count="0" type="stmt"/>
      <line num="88" count="0" type="stmt"/>
      <line num="89" count="10" type="stmt"/>
      <line num="90" count="10" type="stmt"/>
      <line num="91" count="10" type="stmt"/>
      <line num="92" count="10" type="stmt"/>
      <line num="93" count="10" type="stmt"/>
      <line num="94" count="10" type="stmt"/>
      <line num="95" count="10" type="stmt"/>
      <line num="96" count="10" type="cond" truecount="1" falsecount="1"/>
      <line num="97" count="20" type="stmt"/>
      <line num="98" count="20" type="stmt"/>
      <line num="99" count="20" type="stmt"/>
      <line num="100" count="20" type="stmt"/>
      <line num="101" count="20" type="stmt"/>
      <line num="102" count="20" type="stmt"/>
      <line num="103" count="10" type="stmt"/>
      <line num="104" count="10" type="stmt"/>
      <line num="105" count="10" type="stmt"/>
      <line num="106" count="10" type="stmt"/>
      <line num="107" count="10" type="stmt"/>
      <line num="108" count="10" type="stmt"/>
      <line num="109" count="10" type="stmt"/>
      <line num="110" count="10" type="stmt"/>
      <line num="111" count="10" type="stmt"/>
      <line num="112" count="10" type="stmt"/>
      <line num="113" count="10" type="stmt"/>
      <line num="114" count="10" type="stmt"/>
    </file>
  </project>
</coverage>
