{"/Users/felixhtoo/Sites/fnxd-gamez/src/Colors/index.tsx": {"path":"/Users/felixhtoo/Sites/fnxd-gamez/src/Colors/index.tsx","all":false,"statementMap":{"0":{"start":{"line":1,"column":0},"end":{"line":1,"column":48}},"1":{"start":{"line":2,"column":0},"end":{"line":2,"column":57}},"2":{"start":{"line":3,"column":0},"end":{"line":3,"column":62}},"3":{"start":{"line":4,"column":0},"end":{"line":4,"column":0}},"4":{"start":{"line":5,"column":0},"end":{"line":5,"column":31}},"5":{"start":{"line":6,"column":0},"end":{"line":6,"column":11}},"6":{"start":{"line":7,"column":0},"end":{"line":7,"column":14}},"7":{"start":{"line":8,"column":0},"end":{"line":8,"column":4}},"8":{"start":{"line":9,"column":0},"end":{"line":9,"column":19}},"9":{"start":{"line":10,"column":0},"end":{"line":10,"column":60}},"10":{"start":{"line":11,"column":0},"end":{"line":11,"column":27}},"11":{"start":{"line":12,"column":0},"end":{"line":12,"column":68}},"12":{"start":{"line":13,"column":0},"end":{"line":13,"column":10}},"13":{"start":{"line":14,"column":0},"end":{"line":14,"column":6}},"14":{"start":{"line":15,"column":0},"end":{"line":15,"column":71}},"15":{"start":{"line":16,"column":0},"end":{"line":16,"column":78}},"16":{"start":{"line":17,"column":0},"end":{"line":17,"column":12}},"17":{"start":{"line":18,"column":0},"end":{"line":18,"column":29}},"18":{"start":{"line":19,"column":0},"end":{"line":19,"column":122}},"19":{"start":{"line":20,"column":0},"end":{"line":20,"column":27}},"20":{"start":{"line":21,"column":0},"end":{"line":21,"column":51}},"21":{"start":{"line":22,"column":0},"end":{"line":22,"column":43}},"22":{"start":{"line":23,"column":0},"end":{"line":23,"column":18}},"23":{"start":{"line":24,"column":0},"end":{"line":24,"column":27}},"24":{"start":{"line":25,"column":0},"end":{"line":25,"column":30}},"25":{"start":{"line":26,"column":0},"end":{"line":26,"column":28}},"26":{"start":{"line":27,"column":0},"end":{"line":27,"column":40}},"27":{"start":{"line":28,"column":0},"end":{"line":28,"column":22}},"28":{"start":{"line":29,"column":0},"end":{"line":29,"column":30}},"29":{"start":{"line":30,"column":0},"end":{"line":30,"column":52}},"30":{"start":{"line":31,"column":0},"end":{"line":31,"column":32}},"31":{"start":{"line":32,"column":0},"end":{"line":32,"column":53}},"32":{"start":{"line":33,"column":0},"end":{"line":33,"column":49}},"33":{"start":{"line":34,"column":0},"end":{"line":34,"column":16}},"34":{"start":{"line":35,"column":0},"end":{"line":35,"column":14}},"35":{"start":{"line":36,"column":0},"end":{"line":36,"column":16}},"36":{"start":{"line":37,"column":0},"end":{"line":37,"column":21}},"37":{"start":{"line":38,"column":0},"end":{"line":38,"column":61}},"38":{"start":{"line":39,"column":0},"end":{"line":39,"column":28}},"39":{"start":{"line":40,"column":0},"end":{"line":40,"column":42}},"40":{"start":{"line":41,"column":0},"end":{"line":41,"column":14}},"41":{"start":{"line":42,"column":0},"end":{"line":42,"column":11}},"42":{"start":{"line":43,"column":0},"end":{"line":43,"column":16}},"43":{"start":{"line":44,"column":0},"end":{"line":44,"column":23}},"44":{"start":{"line":45,"column":0},"end":{"line":45,"column":0}},"45":{"start":{"line":46,"column":0},"end":{"line":46,"column":17}},"46":{"start":{"line":47,"column":0},"end":{"line":47,"column":69}},"47":{"start":{"line":48,"column":0},"end":{"line":48,"column":55}},"48":{"start":{"line":49,"column":0},"end":{"line":49,"column":11}},"49":{"start":{"line":50,"column":0},"end":{"line":50,"column":17}},"50":{"start":{"line":51,"column":0},"end":{"line":51,"column":19}},"51":{"start":{"line":52,"column":0},"end":{"line":52,"column":14}},"52":{"start":{"line":53,"column":0},"end":{"line":53,"column":8}},"53":{"start":{"line":54,"column":0},"end":{"line":54,"column":7}},"54":{"start":{"line":55,"column":0},"end":{"line":55,"column":4}},"55":{"start":{"line":56,"column":0},"end":{"line":56,"column":2}},"56":{"start":{"line":57,"column":0},"end":{"line":57,"column":0}},"57":{"start":{"line":58,"column":0},"end":{"line":58,"column":37}},"58":{"start":{"line":59,"column":0},"end":{"line":59,"column":71}},"59":{"start":{"line":60,"column":0},"end":{"line":60,"column":46}},"60":{"start":{"line":61,"column":0},"end":{"line":61,"column":0}},"61":{"start":{"line":62,"column":0},"end":{"line":62,"column":50}},"62":{"start":{"line":63,"column":0},"end":{"line":63,"column":56}},"63":{"start":{"line":64,"column":0},"end":{"line":64,"column":41}},"64":{"start":{"line":65,"column":0},"end":{"line":65,"column":22}},"65":{"start":{"line":66,"column":0},"end":{"line":66,"column":35}},"66":{"start":{"line":67,"column":0},"end":{"line":67,"column":57}},"67":{"start":{"line":68,"column":0},"end":{"line":68,"column":7}},"68":{"start":{"line":69,"column":0},"end":{"line":69,"column":19}},"69":{"start":{"line":70,"column":0},"end":{"line":70,"column":7}},"70":{"start":{"line":71,"column":0},"end":{"line":71,"column":17}},"71":{"start":{"line":72,"column":0},"end":{"line":72,"column":0}},"72":{"start":{"line":73,"column":0},"end":{"line":73,"column":19}},"73":{"start":{"line":74,"column":0},"end":{"line":74,"column":58}},"74":{"start":{"line":75,"column":0},"end":{"line":75,"column":49}},"75":{"start":{"line":76,"column":0},"end":{"line":76,"column":5}},"76":{"start":{"line":77,"column":0},"end":{"line":77,"column":56}},"77":{"start":{"line":78,"column":0},"end":{"line":78,"column":0}},"78":{"start":{"line":79,"column":0},"end":{"line":79,"column":22}},"79":{"start":{"line":80,"column":0},"end":{"line":80,"column":72}},"80":{"start":{"line":81,"column":0},"end":{"line":81,"column":0}},"81":{"start":{"line":82,"column":0},"end":{"line":82,"column":47}},"82":{"start":{"line":83,"column":0},"end":{"line":83,"column":33}},"83":{"start":{"line":84,"column":0},"end":{"line":84,"column":40}},"84":{"start":{"line":85,"column":0},"end":{"line":85,"column":49}},"85":{"start":{"line":86,"column":0},"end":{"line":86,"column":12}},"86":{"start":{"line":87,"column":0},"end":{"line":87,"column":37}},"87":{"start":{"line":88,"column":0},"end":{"line":88,"column":5}},"88":{"start":{"line":89,"column":0},"end":{"line":89,"column":4}},"89":{"start":{"line":90,"column":0},"end":{"line":90,"column":0}},"90":{"start":{"line":91,"column":0},"end":{"line":91,"column":10}},"91":{"start":{"line":92,"column":0},"end":{"line":92,"column":9}},"92":{"start":{"line":93,"column":0},"end":{"line":93,"column":25}},"93":{"start":{"line":94,"column":0},"end":{"line":94,"column":69}},"94":{"start":{"line":95,"column":0},"end":{"line":95,"column":88}},"95":{"start":{"line":96,"column":0},"end":{"line":96,"column":49}},"96":{"start":{"line":97,"column":0},"end":{"line":97,"column":14}},"97":{"start":{"line":98,"column":0},"end":{"line":98,"column":23}},"98":{"start":{"line":99,"column":0},"end":{"line":99,"column":73}},"99":{"start":{"line":100,"column":0},"end":{"line":100,"column":46}},"100":{"start":{"line":101,"column":0},"end":{"line":101,"column":51}},"101":{"start":{"line":102,"column":0},"end":{"line":102,"column":12}},"102":{"start":{"line":103,"column":0},"end":{"line":103,"column":11}},"103":{"start":{"line":104,"column":0},"end":{"line":104,"column":12}},"104":{"start":{"line":105,"column":0},"end":{"line":105,"column":29}},"105":{"start":{"line":106,"column":0},"end":{"line":106,"column":21}},"106":{"start":{"line":107,"column":0},"end":{"line":107,"column":29}},"107":{"start":{"line":108,"column":0},"end":{"line":108,"column":23}},"108":{"start":{"line":109,"column":0},"end":{"line":109,"column":24}},"109":{"start":{"line":110,"column":0},"end":{"line":110,"column":26}},"110":{"start":{"line":111,"column":0},"end":{"line":111,"column":8}},"111":{"start":{"line":112,"column":0},"end":{"line":112,"column":10}},"112":{"start":{"line":113,"column":0},"end":{"line":113,"column":4}},"113":{"start":{"line":114,"column":0},"end":{"line":114,"column":1}}},"s":{"0":1,"1":1,"2":1,"3":1,"4":1,"5":13,"6":13,"7":13,"8":13,"9":13,"10":13,"11":13,"12":13,"13":13,"14":13,"15":13,"16":13,"17":13,"18":0,"19":0,"20":0,"21":0,"22":0,"23":0,"24":0,"25":0,"26":0,"27":0,"28":0,"29":0,"30":0,"31":0,"32":0,"33":0,"34":0,"35":0,"36":0,"37":0,"38":0,"39":0,"40":0,"41":0,"42":0,"43":0,"44":0,"45":0,"46":0,"47":0,"48":0,"49":0,"50":0,"51":0,"52":13,"53":13,"54":13,"55":13,"56":1,"57":10,"58":10,"59":10,"60":10,"61":10,"62":5,"63":20,"64":20,"65":20,"66":120,"67":120,"68":20,"69":5,"70":10,"71":10,"72":10,"73":10,"74":5,"75":5,"76":10,"77":10,"78":10,"79":10,"80":10,"81":10,"82":0,"83":0,"84":0,"85":0,"86":0,"87":0,"88":10,"89":10,"90":10,"91":10,"92":10,"93":10,"94":10,"95":10,"96":20,"97":20,"98":20,"99":20,"100":20,"101":20,"102":10,"103":10,"104":10,"105":10,"106":10,"107":10,"108":10,"109":10,"110":10,"111":10,"112":10,"113":10},"branchMap":{"0":{"type":"branch","line":5,"loc":{"start":{"line":5,"column":29},"end":{"line":56,"column":2}},"locations":[{"start":{"line":5,"column":29},"end":{"line":56,"column":2}}]},"1":{"type":"branch","line":18,"loc":{"start":{"line":18,"column":24},"end":{"line":52,"column":14}},"locations":[{"start":{"line":18,"column":24},"end":{"line":52,"column":14}}]},"2":{"type":"branch","line":58,"loc":{"start":{"line":58,"column":0},"end":{"line":114,"column":1}},"locations":[{"start":{"line":58,"column":0},"end":{"line":114,"column":1}}]},"3":{"type":"branch","line":96,"loc":{"start":{"line":96,"column":24},"end":{"line":96,"column":26}},"locations":[{"start":{"line":96,"column":24},"end":{"line":96,"column":26}}]},"4":{"type":"branch","line":62,"loc":{"start":{"line":62,"column":43},"end":{"line":71,"column":3}},"locations":[{"start":{"line":62,"column":43},"end":{"line":71,"column":3}}]},"5":{"type":"branch","line":63,"loc":{"start":{"line":63,"column":40},"end":{"line":63,"column":45}},"locations":[{"start":{"line":63,"column":40},"end":{"line":63,"column":45}}]},"6":{"type":"branch","line":63,"loc":{"start":{"line":63,"column":49},"end":{"line":70,"column":5}},"locations":[{"start":{"line":63,"column":49},"end":{"line":70,"column":5}}]},"7":{"type":"branch","line":66,"loc":{"start":{"line":66,"column":34},"end":{"line":68,"column":7}},"locations":[{"start":{"line":66,"column":34},"end":{"line":68,"column":7}}]},"8":{"type":"branch","line":73,"loc":{"start":{"line":73,"column":12},"end":{"line":77,"column":3}},"locations":[{"start":{"line":73,"column":12},"end":{"line":77,"column":3}}]},"9":{"type":"branch","line":74,"loc":{"start":{"line":74,"column":57},"end":{"line":76,"column":5}},"locations":[{"start":{"line":74,"column":57},"end":{"line":76,"column":5}}]},"10":{"type":"branch","line":96,"loc":{"start":{"line":96,"column":30},"end":{"line":102,"column":12}},"locations":[{"start":{"line":96,"column":30},"end":{"line":102,"column":12}}]}},"b":{"0":[13],"1":[0],"2":[10],"3":[0],"4":[5],"5":[0],"6":[20],"7":[120],"8":[10],"9":[5],"10":[20]},"fnMap":{"0":{"name":"SettingsModal","decl":{"start":{"line":5,"column":29},"end":{"line":56,"column":2}},"loc":{"start":{"line":5,"column":29},"end":{"line":56,"column":2}},"line":5},"1":{"name":"onClick","decl":{"start":{"line":16,"column":42},"end":{"line":16,"column":74}},"loc":{"start":{"line":16,"column":42},"end":{"line":16,"column":74}},"line":16},"2":{"name":"onChange","decl":{"start":{"line":31,"column":24},"end":{"line":34,"column":15}},"loc":{"start":{"line":31,"column":24},"end":{"line":34,"column":15}},"line":31},"3":{"name":"onClick","decl":{"start":{"line":48,"column":21},"end":{"line":48,"column":54}},"loc":{"start":{"line":48,"column":21},"end":{"line":48,"column":54}},"line":48},"4":{"name":"ColorQuiz","decl":{"start":{"line":58,"column":0},"end":{"line":114,"column":1}},"loc":{"start":{"line":58,"column":0},"end":{"line":114,"column":1}},"line":58},"5":{"name":"handleColorClick","decl":{"start":{"line":82,"column":27},"end":{"line":89,"column":3}},"loc":{"start":{"line":82,"column":27},"end":{"line":89,"column":3}},"line":82},"6":{"name":"onClick","decl":{"start":{"line":101,"column":21},"end":{"line":101,"column":50}},"loc":{"start":{"line":101,"column":21},"end":{"line":101,"column":50}},"line":101}},"f":{"0":13,"1":0,"2":0,"3":0,"4":10,"5":0,"6":0}}
}
