TN:
SF:src/Colors/index.tsx
FN:5,SettingsModal
FN:16,onClick
FN:31,onChange
FN:48,onClick
FN:58,ColorQuiz
FN:82,handleColorClick
FN:101,onClick
FNF:7
FNH:2
FNDA:13,SettingsModal
FNDA:0,onClick
FNDA:0,onChange
FNDA:0,onClick
FNDA:10,ColorQuiz
FNDA:0,handleColorClick
FNDA:0,onClick
DA:1,1
DA:2,1
DA:3,1
DA:4,1
DA:5,1
DA:6,13
DA:7,13
DA:8,13
DA:9,13
DA:10,13
DA:11,13
DA:12,13
DA:13,13
DA:14,13
DA:15,13
DA:16,13
DA:17,13
DA:18,13
DA:19,0
DA:20,0
DA:21,0
DA:22,0
DA:23,0
DA:24,0
DA:25,0
DA:26,0
DA:27,0
DA:28,0
DA:29,0
DA:30,0
DA:31,0
DA:32,0
DA:33,0
DA:34,0
DA:35,0
DA:36,0
DA:37,0
DA:38,0
DA:39,0
DA:40,0
DA:41,0
DA:42,0
DA:43,0
DA:44,0
DA:45,0
DA:46,0
DA:47,0
DA:48,0
DA:49,0
DA:50,0
DA:51,0
DA:52,0
DA:53,13
DA:54,13
DA:55,13
DA:56,13
DA:57,1
DA:58,10
DA:59,10
DA:60,10
DA:61,10
DA:62,10
DA:63,5
DA:64,20
DA:65,20
DA:66,20
DA:67,120
DA:68,120
DA:69,20
DA:70,5
DA:71,10
DA:72,10
DA:73,10
DA:74,10
DA:75,5
DA:76,5
DA:77,10
DA:78,10
DA:79,10
DA:80,10
DA:81,10
DA:82,10
DA:83,0
DA:84,0
DA:85,0
DA:86,0
DA:87,0
DA:88,0
DA:89,10
DA:90,10
DA:91,10
DA:92,10
DA:93,10
DA:94,10
DA:95,10
DA:96,10
DA:97,20
DA:98,20
DA:99,20
DA:100,20
DA:101,20
DA:102,20
DA:103,10
DA:104,10
DA:105,10
DA:106,10
DA:107,10
DA:108,10
DA:109,10
DA:110,10
DA:111,10
DA:112,10
DA:113,10
DA:114,10
LF:114
LH:74
BRDA:5,0,0,13
BRDA:18,1,0,0
BRDA:58,2,0,10
BRDA:96,3,0,0
BRDA:62,4,0,5
BRDA:63,5,0,0
BRDA:63,6,0,20
BRDA:66,7,0,120
BRDA:73,8,0,10
BRDA:74,9,0,5
BRDA:96,10,0,20
BRF:11
BRH:8
end_of_record
